Start testing: Sep 22 22:03 NZST
----------------------------------------------------------
1/1 Testing: cpu_tests
1/1 Test: cpu_tests
Command: "/Users/danieltliddle/Documents/Atmega328_Emulator/build/test_cpu"
Directory: /Users/danieltliddle/Documents/Atmega328_Emulator/build
"cpu_tests" start time: Sep 22 22:03 NZST
Output:
----------------------------------------------------------
LDI test passed
MOV test passed
R16 after LDI: 0x41
PC after LDI: 1
PC before INC: 1
INC test passed
DEC test passed
DEC flag test passed
DEC negative test passed
ADD test passed
ADD flag test passed
ADD overflow test passed
SUB test passed
SBC: Rd=66 Rr=32 C=1 result=33
SBC: Rd=32 Rr=32 C=0 result=0
SBC: Rd=32 Rr=32 C=0 result=0
<end of output>
Test time =   0.43 sec
----------------------------------------------------------
Test Passed.
"cpu_tests" end time: Sep 22 22:03 NZST
"cpu_tests" time elapsed: 00:00:00
----------------------------------------------------------

End testing: Sep 22 22:03 NZST
