Start testing: Sep 22 13:31 NZST
----------------------------------------------------------
1/1 Testing: cpu_tests
1/1 Test: cpu_tests
Command: "/Users/danieltliddle/Documents/Atmega328_Emulator/build/test_cpu"
Directory: /Users/danieltliddle/Documents/Atmega328_Emulator/build
"cpu_tests" start time: Sep 22 13:31 NZST
Output:
----------------------------------------------------------
LDI test passed
MOV test passed
R16 after LDI: 0x41
PC after LDI: 1
PC before INC: 1
INC matched, opcode = 0x9503
INC test passed
<end of output>
Test time =   0.67 sec
----------------------------------------------------------
Test Passed.
"cpu_tests" end time: Sep 22 13:31 NZST
"cpu_tests" time elapsed: 00:00:00
----------------------------------------------------------

End testing: Sep 22 13:31 NZST
